<?xml version="1.0" encoding="UTF-8"?>
<!-- Generated by org.testng.reporters.JUnitXMLReporter -->
<testsuite ignored="0" hostname="HetnaHialry" failures="0" tests="6" name="Default test" time="5.205" errors="0" timestamp="2021-01-22T21:17:38 IST">
  <testcase classname="com.stackroute.restassured.FavouriteTest" name="saveFavSuccess" time="3.291"/>
  <testcase classname="com.stackroute.restassured.FavouriteTest" name="saveFavFailure" time="0.068"/>
  <testcase classname="com.stackroute.restassured.FavouriteTest" name="getFavSuccess" time="0.18"/>
  <testcase classname="com.stackroute.restassured.FavouriteTest" name="deleteFavSuccess" time="0.194"/>
  <testcase classname="com.stackroute.restassured.FavouriteTest" name="deleteFavFailure" time="0.079"/>
  <testcase classname="com.stackroute.restassured.FavouriteTest" name="getFavFailure" time="0.063"/>
</testsuite> <!-- Default test -->
