<?xml version="1.0" encoding="UTF-8"?>
<testng-results ignored="0" total="7" passed="7" failed="0" skipped="0">
  <reporter-output>
  </reporter-output>
  <suite started-at="2021-02-07T11:46:34 IST" name="Default suite" finished-at="2021-02-07T11:46:38 IST" duration-ms="3241">
    <groups>
    </groups>
    <test started-at="2021-02-07T11:46:34 IST" name="Default test" finished-at="2021-02-07T11:46:38 IST" duration-ms="3241">
      <class name="com.stackroute.restassured.UserTest">
        <test-method is-config="true" signature="setUp()[pri:0, instance:com.stackroute.restassured.UserTest@581ac8a8]" started-at="2021-02-07T11:46:34 IST" name="setUp" finished-at="2021-02-07T11:46:35 IST" duration-ms="465" status="PASS">
          <reporter-output>
          </reporter-output>
        </test-method> <!-- setUp -->
        <test-method signature="addUserSuccess()[pri:1, instance:com.stackroute.restassured.UserTest@581ac8a8]" started-at="2021-02-07T11:46:35 IST" name="addUserSuccess" finished-at="2021-02-07T11:46:37 IST" duration-ms="1915" status="PASS">
          <reporter-output>
          </reporter-output>
        </test-method> <!-- addUserSuccess -->
        <test-method signature="addUserFailure()[pri:2, instance:com.stackroute.restassured.UserTest@581ac8a8]" started-at="2021-02-07T11:46:37 IST" name="addUserFailure" finished-at="2021-02-07T11:46:37 IST" duration-ms="38" status="PASS">
          <reporter-output>
          </reporter-output>
        </test-method> <!-- addUserFailure -->
        <test-method is-config="true" signature="setUp()[pri:0, instance:com.stackroute.restassured.UserTest@581ac8a8]" started-at="2021-02-07T11:46:37 IST" name="setUp" finished-at="2021-02-07T11:46:37 IST" duration-ms="0" status="PASS">
          <reporter-output>
          </reporter-output>
        </test-method> <!-- setUp -->
        <test-method is-config="true" signature="setUp()[pri:0, instance:com.stackroute.restassured.UserTest@581ac8a8]" started-at="2021-02-07T11:46:37 IST" name="setUp" finished-at="2021-02-07T11:46:37 IST" duration-ms="0" status="PASS">
          <reporter-output>
          </reporter-output>
        </test-method> <!-- setUp -->
        <test-method signature="loginSuccess()[pri:3, instance:com.stackroute.restassured.UserTest@581ac8a8]" started-at="2021-02-07T11:46:37 IST" name="loginSuccess" finished-at="2021-02-07T11:46:37 IST" duration-ms="164" status="PASS">
          <reporter-output>
          </reporter-output>
        </test-method> <!-- loginSuccess -->
        <test-method is-config="true" signature="setUp()[pri:0, instance:com.stackroute.restassured.UserTest@581ac8a8]" started-at="2021-02-07T11:46:37 IST" name="setUp" finished-at="2021-02-07T11:46:37 IST" duration-ms="0" status="PASS">
          <reporter-output>
          </reporter-output>
        </test-method> <!-- setUp -->
        <test-method signature="logoutSuccess()[pri:4, instance:com.stackroute.restassured.UserTest@581ac8a8]" started-at="2021-02-07T11:46:37 IST" name="logoutSuccess" finished-at="2021-02-07T11:46:37 IST" duration-ms="242" status="PASS">
          <reporter-output>
          </reporter-output>
        </test-method> <!-- logoutSuccess -->
        <test-method is-config="true" signature="setUp()[pri:0, instance:com.stackroute.restassured.UserTest@581ac8a8]" started-at="2021-02-07T11:46:37 IST" name="setUp" finished-at="2021-02-07T11:46:37 IST" duration-ms="0" status="PASS">
          <reporter-output>
          </reporter-output>
        </test-method> <!-- setUp -->
        <test-method signature="loginFailure()[pri:5, instance:com.stackroute.restassured.UserTest@581ac8a8]" started-at="2021-02-07T11:46:37 IST" name="loginFailure" finished-at="2021-02-07T11:46:37 IST" duration-ms="21" status="PASS">
          <reporter-output>
          </reporter-output>
        </test-method> <!-- loginFailure -->
        <test-method signature="deleteUserSuccess()[pri:6, instance:com.stackroute.restassured.UserTest@581ac8a8]" started-at="2021-02-07T11:46:37 IST" name="deleteUserSuccess" finished-at="2021-02-07T11:46:38 IST" duration-ms="316" status="PASS">
          <reporter-output>
          </reporter-output>
        </test-method> <!-- deleteUserSuccess -->
        <test-method is-config="true" signature="setUp()[pri:0, instance:com.stackroute.restassured.UserTest@581ac8a8]" started-at="2021-02-07T11:46:37 IST" name="setUp" finished-at="2021-02-07T11:46:37 IST" duration-ms="0" status="PASS">
          <reporter-output>
          </reporter-output>
        </test-method> <!-- setUp -->
        <test-method signature="deleteUserFailure()[pri:7, instance:com.stackroute.restassured.UserTest@581ac8a8]" started-at="2021-02-07T11:46:38 IST" name="deleteUserFailure" finished-at="2021-02-07T11:46:38 IST" duration-ms="16" status="PASS">
          <reporter-output>
          </reporter-output>
        </test-method> <!-- deleteUserFailure -->
        <test-method is-config="true" signature="setUp()[pri:0, instance:com.stackroute.restassured.UserTest@581ac8a8]" started-at="2021-02-07T11:46:38 IST" name="setUp" finished-at="2021-02-07T11:46:38 IST" duration-ms="0" status="PASS">
          <reporter-output>
          </reporter-output>
        </test-method> <!-- setUp -->
      </class> <!-- com.stackroute.restassured.UserTest -->
    </test> <!-- Default test -->
  </suite> <!-- Default suite -->
</testng-results>
