<?xml version="1.0" encoding="UTF-8"?>
<testng-results ignored="0" total="6" passed="6" failed="0" skipped="0">
  <reporter-output>
  </reporter-output>
  <suite started-at="2021-02-07T12:03:44 IST" name="Default suite" finished-at="2021-02-07T12:03:50 IST" duration-ms="5257">
    <groups>
    </groups>
    <test started-at="2021-02-07T12:03:44 IST" name="Default test" finished-at="2021-02-07T12:03:50 IST" duration-ms="5257">
      <class name="com.stackroute.restassured.FavouriteTest">
        <test-method is-config="true" signature="setUp()[pri:0, instance:com.stackroute.restassured.FavouriteTest@a3d8174]" started-at="2021-02-07T12:03:44 IST" name="setUp" finished-at="2021-02-07T12:03:45 IST" duration-ms="799" status="PASS">
          <reporter-output>
          </reporter-output>
        </test-method> <!-- setUp -->
        <test-method signature="saveFavSuccess()[pri:1, instance:com.stackroute.restassured.FavouriteTest@a3d8174]" started-at="2021-02-07T12:03:45 IST" name="saveFavSuccess" finished-at="2021-02-07T12:03:49 IST" duration-ms="3648" status="PASS">
          <reporter-output>
          </reporter-output>
        </test-method> <!-- saveFavSuccess -->
        <test-method signature="saveFavFailure()[pri:2, instance:com.stackroute.restassured.FavouriteTest@a3d8174]" started-at="2021-02-07T12:03:49 IST" name="saveFavFailure" finished-at="2021-02-07T12:03:49 IST" duration-ms="151" status="PASS">
          <reporter-output>
          </reporter-output>
        </test-method> <!-- saveFavFailure -->
        <test-method is-config="true" signature="setUp()[pri:0, instance:com.stackroute.restassured.FavouriteTest@a3d8174]" started-at="2021-02-07T12:03:49 IST" name="setUp" finished-at="2021-02-07T12:03:49 IST" duration-ms="0" status="PASS">
          <reporter-output>
          </reporter-output>
        </test-method> <!-- setUp -->
        <test-method is-config="true" signature="setUp()[pri:0, instance:com.stackroute.restassured.FavouriteTest@a3d8174]" started-at="2021-02-07T12:03:49 IST" name="setUp" finished-at="2021-02-07T12:03:49 IST" duration-ms="1" status="PASS">
          <reporter-output>
          </reporter-output>
        </test-method> <!-- setUp -->
        <test-method signature="getFavSuccess()[pri:3, instance:com.stackroute.restassured.FavouriteTest@a3d8174]" started-at="2021-02-07T12:03:49 IST" name="getFavSuccess" finished-at="2021-02-07T12:03:49 IST" duration-ms="223" status="PASS">
          <reporter-output>
          </reporter-output>
        </test-method> <!-- getFavSuccess -->
        <test-method signature="deleteFavSuccess()[pri:4, instance:com.stackroute.restassured.FavouriteTest@a3d8174]" started-at="2021-02-07T12:03:49 IST" name="deleteFavSuccess" finished-at="2021-02-07T12:03:49 IST" duration-ms="243" status="PASS">
          <reporter-output>
          </reporter-output>
        </test-method> <!-- deleteFavSuccess -->
        <test-method is-config="true" signature="setUp()[pri:0, instance:com.stackroute.restassured.FavouriteTest@a3d8174]" started-at="2021-02-07T12:03:49 IST" name="setUp" finished-at="2021-02-07T12:03:49 IST" duration-ms="0" status="PASS">
          <reporter-output>
          </reporter-output>
        </test-method> <!-- setUp -->
        <test-method is-config="true" signature="setUp()[pri:0, instance:com.stackroute.restassured.FavouriteTest@a3d8174]" started-at="2021-02-07T12:03:49 IST" name="setUp" finished-at="2021-02-07T12:03:49 IST" duration-ms="1" status="PASS">
          <reporter-output>
          </reporter-output>
        </test-method> <!-- setUp -->
        <test-method signature="deleteFavFailure()[pri:5, instance:com.stackroute.restassured.FavouriteTest@a3d8174]" started-at="2021-02-07T12:03:49 IST" name="deleteFavFailure" finished-at="2021-02-07T12:03:49 IST" duration-ms="62" status="PASS">
          <reporter-output>
          </reporter-output>
        </test-method> <!-- deleteFavFailure -->
        <test-method is-config="true" signature="setUp()[pri:0, instance:com.stackroute.restassured.FavouriteTest@a3d8174]" started-at="2021-02-07T12:03:49 IST" name="setUp" finished-at="2021-02-07T12:03:49 IST" duration-ms="1" status="PASS">
          <reporter-output>
          </reporter-output>
        </test-method> <!-- setUp -->
        <test-method signature="getFavFailure()[pri:6, instance:com.stackroute.restassured.FavouriteTest@a3d8174]" started-at="2021-02-07T12:03:49 IST" name="getFavFailure" finished-at="2021-02-07T12:03:49 IST" duration-ms="48" status="PASS">
          <reporter-output>
          </reporter-output>
        </test-method> <!-- getFavFailure -->
      </class> <!-- com.stackroute.restassured.FavouriteTest -->
    </test> <!-- Default test -->
  </suite> <!-- Default suite -->
</testng-results>
