<?xml version="1.0" encoding="UTF-8"?>
<!-- Generated by org.testng.reporters.JUnitXMLReporter -->
<testsuite ignored="0" hostname="LAPTOP-6HD880PC" failures="0" tests="7" name="Default test" time="3.241" errors="0" timestamp="2021-02-07T11:46:38 IST">
  <testcase classname="com.stackroute.restassured.UserTest" name="addUserSuccess" time="1.915"/>
  <testcase classname="com.stackroute.restassured.UserTest" name="addUserFailure" time="0.038"/>
  <testcase classname="com.stackroute.restassured.UserTest" name="loginSuccess" time="0.164"/>
  <testcase classname="com.stackroute.restassured.UserTest" name="logoutSuccess" time="0.242"/>
  <testcase classname="com.stackroute.restassured.UserTest" name="loginFailure" time="0.021"/>
  <testcase classname="com.stackroute.restassured.UserTest" name="deleteUserSuccess" time="0.316"/>
  <testcase classname="com.stackroute.restassured.UserTest" name="deleteUserFailure" time="0.016"/>
</testsuite> <!-- Default test -->
